# JRE version: OpenJDK Runtime Environment (8.0_152-b01) (build 1.8.0_152-release-915-b01)
# Java VM: OpenJDK 64-Bit Server VM (25.152-b01 mixed mode windows-amd64 compressed oops)
Heap:
 PSYoungGen      total 156672K, used 8780K [0x000000076af80000, 0x0000000778b80000, 0x00000007c0000000)
  eden space 141824K, 6% used [0x000000076af80000,0x000000076b813330,0x0000000773a00000)
  from space 14848K, 0% used [0x0000000774a00000,0x0000000774a00000,0x0000000775880000)
  to   space 16384K, 0% used [0x0000000773a00000,0x0000000773a00000,0x0000000774a00000)
 ParOldGen       total 169472K, used 20954K [0x00000006c0e00000, 0x00000006cb380000, 0x000000076af80000)
  object space 169472K, 12% used [0x00000006c0e00000,0x00000006c2276be8,0x00000006cb380000)
 Metaspace       used 36339K, capacity 36986K, committed 37504K, reserved 1081344K
  class space    used 4922K, capacity 5138K, committed 5248K, reserved 1048576K
GC Heap History (10 events):
Event: 2.274 GC heap before
{Heap before GC invocations=4 (full 1):
 PSYoungGen      total 76288K, used 8326K [0x000000076af80000, 0x0000000774480000, 0x00000007c0000000)
  eden space 65536K, 0% used [0x000000076af80000,0x000000076af80000,0x000000076ef80000)
  from space 10752K, 77% used [0x000000076ef80000,0x000000076f7a1940,0x000000076fa00000)
  to   space 10752K, 0% used [0x0000000773a00000,0x0000000773a00000,0x0000000774480000)
 ParOldGen       total 175104K, used 2039K [0x00000006c0e00000, 0x00000006cb900000, 0x000000076af80000)
  object space 175104K, 1% used [0x00000006c0e00000,0x00000006c0ffdea0,0x00000006cb900000)
 Metaspace       used 20936K, capacity 21132K, committed 21296K, reserved 1067008K
  class space    used 2803K, capacity 2901K, committed 2944K, reserved 1048576K
Event: 2.318 GC heap after
Heap after GC invocations=4 (full 1):
 PSYoungGen      total 76288K, used 0K [0x000000076af80000, 0x0000000774480000, 0x00000007c0000000)
  eden space 65536K, 0% used [0x000000076af80000,0x000000076af80000,0x000000076ef80000)
  from space 10752K, 0% used [0x000000076ef80000,0x000000076ef80000,0x000000076fa00000)
  to   space 10752K, 0% used [0x0000000773a00000,0x0000000773a00000,0x0000000774480000)
 ParOldGen       total 106496K, used 8211K [0x00000006c0e00000, 0x00000006c7600000, 0x000000076af80000)
  object space 106496K, 7% used [0x00000006c0e00000,0x00000006c1604ec8,0x00000006c7600000)
 Metaspace       used 20936K, capacity 21132K, committed 21296K, reserved 1067008K
  class space    used 2803K, capacity 2901K, committed 2944K, reserved 1048576K
}
Event: 2.994 GC heap before
{Heap before GC invocations=5 (full 1):
 PSYoungGen      total 76288K, used 65536K [0x000000076af80000, 0x0000000774480000, 0x00000007c0000000)
  eden space 65536K, 100% used [0x000000076af80000,0x000000076ef80000,0x000000076ef80000)
  from space 10752K, 0% used [0x000000076ef80000,0x000000076ef80000,0x000000076fa00000)
  to   space 10752K, 0% used [0x0000000773a00000,0x0000000773a00000,0x0000000774480000)
 ParOldGen       total 106496K, used 8211K [0x00000006c0e00000, 0x00000006c7600000, 0x000000076af80000)
  object space 106496K, 7% used [0x00000006c0e00000,0x00000006c1604ec8,0x00000006c7600000)
 Metaspace       used 26108K, capacity 26594K, committed 27008K, reserved 1073152K
  class space    used 3541K, capacity 3697K, committed 3712K, reserved 1048576K
Event: 2.999 GC heap after
Heap after GC invocations=5 (full 1):
 PSYoungGen      total 104448K, used 6067K [0x000000076af80000, 0x0000000774000000, 0x00000007c0000000)
  eden space 98304K, 0% used [0x000000076af80000,0x000000076af80000,0x0000000770f80000)
  from space 6144K, 98% used [0x0000000773a00000,0x0000000773fecca8,0x0000000774000000)
  to   space 10752K, 0% used [0x0000000772b00000,0x0000000772b00000,0x0000000773580000)
 ParOldGen       total 106496K, used 8283K [0x00000006c0e00000, 0x00000006c7600000, 0x000000076af80000)
  object space 106496K, 7% used [0x00000006c0e00000,0x00000006c1616ed8,0x00000006c7600000)
 Metaspace       used 26108K, capacity 26594K, committed 27008K, reserved 1073152K
  class space    used 3541K, capacity 3697K, committed 3712K, reserved 1048576K
}
Event: 3.975 GC heap before
{Heap before GC invocations=6 (full 1):
 PSYoungGen      total 104448K, used 104371K [0x000000076af80000, 0x0000000774000000, 0x00000007c0000000)
  eden space 98304K, 100% used [0x000000076af80000,0x0000000770f80000,0x0000000770f80000)
  from space 6144K, 98% used [0x0000000773a00000,0x0000000773fecca8,0x0000000774000000)
  to   space 10752K, 0% used [0x0000000772b00000,0x0000000772b00000,0x0000000773580000)
 ParOldGen       total 106496K, used 8283K [0x00000006c0e00000, 0x00000006c7600000, 0x000000076af80000)
  object space 106496K, 7% used [0x00000006c0e00000,0x00000006c1616ed8,0x00000006c7600000)
 Metaspace       used 32466K, capacity 33022K, committed 33536K, reserved 1079296K
  class space    used 4348K, capacity 4514K, committed 4608K, reserved 1048576K
Event: 3.982 GC heap after
Heap after GC invocations=6 (full 1):
 PSYoungGen      total 137216K, used 10742K [0x000000076af80000, 0x0000000775880000, 0x00000007c0000000)
  eden space 126464K, 0% used [0x000000076af80000,0x000000076af80000,0x0000000772b00000)
  from space 10752K, 99% used [0x0000000772b00000,0x000000077357d9d0,0x0000000773580000)
  to   space 14848K, 0% used [0x0000000774a00000,0x0000000774a00000,0x0000000775880000)
 ParOldGen       total 106496K, used 8797K [0x00000006c0e00000, 0x00000006c7600000, 0x000000076af80000)
  object space 106496K, 8% used [0x00000006c0e00000,0x00000006c16974d0,0x00000006c7600000)
 Metaspace       used 32466K, capacity 33022K, committed 33536K, reserved 1079296K
  class space    used 4348K, capacity 4514K, committed 4608K, reserved 1048576K
}
Event: 4.366 GC heap before
{Heap before GC invocations=7 (full 1):
 PSYoungGen      total 137216K, used 68690K [0x000000076af80000, 0x0000000775880000, 0x00000007c0000000)
  eden space 126464K, 45% used [0x000000076af80000,0x000000076e816ff0,0x0000000772b00000)
  from space 10752K, 99% used [0x0000000772b00000,0x000000077357d9d0,0x0000000773580000)
  to   space 14848K, 0% used [0x0000000774a00000,0x0000000774a00000,0x0000000775880000)
 ParOldGen       total 106496K, used 8797K [0x00000006c0e00000, 0x00000006c7600000, 0x000000076af80000)
  object space 106496K, 8% used [0x00000006c0e00000,0x00000006c16974d0,0x00000006c7600000)
 Metaspace       used 34712K, capacity 35284K, committed 35496K, reserved 1079296K
  class space    used 4659K, capacity 4863K, committed 4864K, reserved 1048576K
Event: 4.380 GC heap after
Heap after GC invocations=7 (full 1):
 PSYoungGen      total 156672K, used 13702K [0x000000076af80000, 0x0000000778b80000, 0x00000007c0000000)
  eden space 141824K, 0% used [0x000000076af80000,0x000000076af80000,0x0000000773a00000)
  from space 14848K, 92% used [0x0000000774a00000,0x0000000775761920,0x0000000775880000)
  to   space 16384K, 0% used [0x0000000773a00000,0x0000000773a00000,0x0000000774a00000)
 ParOldGen       total 106496K, used 8805K [0x00000006c0e00000, 0x00000006c7600000, 0x000000076af80000)
  object space 106496K, 8% used [0x00000006c0e00000,0x00000006c16994d0,0x00000006c7600000)
 Metaspace       used 34712K, capacity 35284K, committed 35496K, reserved 1079296K
  class space    used 4659K, capacity 4863K, committed 4864K, reserved 1048576K
}
Event: 4.380 GC heap before
{Heap before GC invocations=8 (full 2):
 PSYoungGen      total 156672K, used 13702K [0x000000076af80000, 0x0000000778b80000, 0x00000007c0000000)
  eden space 141824K, 0% used [0x000000076af80000,0x000000076af80000,0x0000000773a00000)
  from space 14848K, 92% used [0x0000000774a00000,0x0000000775761920,0x0000000775880000)
  to   space 16384K, 0% used [0x0000000773a00000,0x0000000773a00000,0x0000000774a00000)
 ParOldGen       total 106496K, used 8805K [0x00000006c0e00000, 0x00000006c7600000, 0x000000076af80000)
  object space 106496K, 8% used [0x00000006c0e00000,0x00000006c16994d0,0x00000006c7600000)
 Metaspace       used 34712K, capacity 35284K, committed 35496K, reserved 1079296K
  class space    used 4659K, capacity 4863K, committed 4864K, reserved 1048576K
Event: 4.438 GC heap after
Heap after GC invocations=8 (full 2):
 PSYoungGen      total 156672K, used 0K [0x000000076af80000, 0x0000000778b80000, 0x00000007c0000000)
  eden space 141824K, 0% used [0x000000076af80000,0x000000076af80000,0x0000000773a00000)
  from space 14848K, 0% used [0x0000000774a00000,0x0000000774a00000,0x0000000775880000)
  to   space 16384K, 0% used [0x0000000773a00000,0x0000000773a00000,0x0000000774a00000)
 ParOldGen       total 169472K, used 20954K [0x00000006c0e00000, 0x00000006cb380000, 0x000000076af80000)
  object space 169472K, 12% used [0x00000006c0e00000,0x00000006c2276be8,0x00000006cb380000)
 Metaspace       used 34712K, capacity 35284K, committed 35496K, reserved 1079296K
  class space    used 4659K, capacity 4863K, committed 4864K, reserved 1048576K
}

