# JRE version: OpenJDK Runtime Environment (8.0_152-b01) (build 1.8.0_152-release-915-b01)
# Java VM: OpenJDK 64-Bit Server VM (25.152-b01 mixed mode windows-amd64 compressed oops)
Heap:
 PSYoungGen      total 241152K, used 75581K [0x000000076af80000, 0x000000077b280000, 0x00000007c0000000)
  eden space 223744K, 26% used [0x000000076af80000,0x000000076e856a28,0x0000000778a00000)
  from space 17408K, 99% used [0x000000077a180000,0x000000077b278af8,0x000000077b280000)
  to   space 19968K, 0% used [0x0000000778b80000,0x0000000778b80000,0x0000000779f00000)
 ParOldGen       total 159744K, used 22613K [0x00000006c0e00000, 0x00000006caa00000, 0x000000076af80000)
  object space 159744K, 14% used [0x00000006c0e00000,0x00000006c24155b8,0x00000006caa00000)
 Metaspace       used 51649K, capacity 53092K, committed 53248K, reserved 1095680K
  class space    used 6809K, capacity 7138K, committed 7168K, reserved 1048576K
GC Heap History (10 events):
Event: 4.241 GC heap before
{Heap before GC invocations=6 (full 1):
 PSYoungGen      total 109568K, used 109516K [0x000000076af80000, 0x0000000774000000, 0x00000007c0000000)
  eden space 103424K, 100% used [0x000000076af80000,0x0000000771480000,0x0000000771480000)
  from space 6144K, 99% used [0x0000000773a00000,0x0000000773ff32f0,0x0000000774000000)
  to   space 10752K, 0% used [0x0000000772b00000,0x0000000772b00000,0x0000000773580000)
 ParOldGen       total 101888K, used 8033K [0x00000006c0e00000, 0x00000006c7180000, 0x000000076af80000)
  object space 101888K, 7% used [0x00000006c0e00000,0x00000006c15d87e8,0x00000006c7180000)
 Metaspace       used 33306K, capacity 33854K, committed 34176K, reserved 1079296K
  class space    used 4446K, capacity 4642K, committed 4736K, reserved 1048576K
Event: 4.257 GC heap after
Heap after GC invocations=6 (full 1):
 PSYoungGen      total 137216K, used 10748K [0x000000076af80000, 0x0000000776a00000, 0x00000007c0000000)
  eden space 126464K, 0% used [0x000000076af80000,0x000000076af80000,0x0000000772b00000)
  from space 10752K, 99% used [0x0000000772b00000,0x000000077357f1e8,0x0000000773580000)
  to   space 15360K, 0% used [0x0000000775b00000,0x0000000775b00000,0x0000000776a00000)
 ParOldGen       total 101888K, used 9474K [0x00000006c0e00000, 0x00000006c7180000, 0x000000076af80000)
  object space 101888K, 9% used [0x00000006c0e00000,0x00000006c1740b18,0x00000006c7180000)
 Metaspace       used 33306K, capacity 33854K, committed 34176K, reserved 1079296K
  class space    used 4446K, capacity 4642K, committed 4736K, reserved 1048576K
}
Event: 4.608 GC heap before
{Heap before GC invocations=7 (full 1):
 PSYoungGen      total 137216K, used 63780K [0x000000076af80000, 0x0000000776a00000, 0x00000007c0000000)
  eden space 126464K, 41% used [0x000000076af80000,0x000000076e34a148,0x0000000772b00000)
  from space 10752K, 99% used [0x0000000772b00000,0x000000077357f1e8,0x0000000773580000)
  to   space 15360K, 0% used [0x0000000775b00000,0x0000000775b00000,0x0000000776a00000)
 ParOldGen       total 101888K, used 9474K [0x00000006c0e00000, 0x00000006c7180000, 0x000000076af80000)
  object space 101888K, 9% used [0x00000006c0e00000,0x00000006c1740b18,0x00000006c7180000)
 Metaspace       used 34696K, capacity 35284K, committed 35496K, reserved 1079296K
  class space    used 4664K, capacity 4863K, committed 4864K, reserved 1048576K
Event: 4.619 GC heap after
Heap after GC invocations=7 (full 1):
 PSYoungGen      total 174080K, used 13478K [0x000000076af80000, 0x0000000779380000, 0x00000007c0000000)
  eden space 158720K, 0% used [0x000000076af80000,0x000000076af80000,0x0000000774a80000)
  from space 15360K, 87% used [0x0000000775b00000,0x00000007768298a8,0x0000000776a00000)
  to   space 16896K, 0% used [0x0000000774a80000,0x0000000774a80000,0x0000000775b00000)
 ParOldGen       total 101888K, used 9482K [0x00000006c0e00000, 0x00000006c7180000, 0x000000076af80000)
  object space 101888K, 9% used [0x00000006c0e00000,0x00000006c1742b18,0x00000006c7180000)
 Metaspace       used 34696K, capacity 35284K, committed 35496K, reserved 1079296K
  class space    used 4664K, capacity 4863K, committed 4864K, reserved 1048576K
}
Event: 4.619 GC heap before
{Heap before GC invocations=8 (full 2):
 PSYoungGen      total 174080K, used 13478K [0x000000076af80000, 0x0000000779380000, 0x00000007c0000000)
  eden space 158720K, 0% used [0x000000076af80000,0x000000076af80000,0x0000000774a80000)
  from space 15360K, 87% used [0x0000000775b00000,0x00000007768298a8,0x0000000776a00000)
  to   space 16896K, 0% used [0x0000000774a80000,0x0000000774a80000,0x0000000775b00000)
 ParOldGen       total 101888K, used 9482K [0x00000006c0e00000, 0x00000006c7180000, 0x000000076af80000)
  object space 101888K, 9% used [0x00000006c0e00000,0x00000006c1742b18,0x00000006c7180000)
 Metaspace       used 34696K, capacity 35284K, committed 35496K, reserved 1079296K
  class space    used 4664K, capacity 4863K, committed 4864K, reserved 1048576K
Event: 4.683 GC heap after
Heap after GC invocations=8 (full 2):
 PSYoungGen      total 174080K, used 0K [0x000000076af80000, 0x0000000779380000, 0x00000007c0000000)
  eden space 158720K, 0% used [0x000000076af80000,0x000000076af80000,0x0000000774a80000)
  from space 15360K, 0% used [0x0000000775b00000,0x0000000775b00000,0x0000000776a00000)
  to   space 16896K, 0% used [0x0000000774a80000,0x0000000774a80000,0x0000000775b00000)
 ParOldGen       total 159744K, used 20759K [0x00000006c0e00000, 0x00000006caa00000, 0x000000076af80000)
  object space 159744K, 12% used [0x00000006c0e00000,0x00000006c2245f98,0x00000006caa00000)
 Metaspace       used 34696K, capacity 35284K, committed 35496K, reserved 1079296K
  class space    used 4664K, capacity 4863K, committed 4864K, reserved 1048576K
}
Event: 6.532 GC heap before
{Heap before GC invocations=9 (full 2):
 PSYoungGen      total 174080K, used 158720K [0x000000076af80000, 0x0000000779380000, 0x00000007c0000000)
  eden space 158720K, 100% used [0x000000076af80000,0x0000000774a80000,0x0000000774a80000)
  from space 15360K, 0% used [0x0000000775b00000,0x0000000775b00000,0x0000000776a00000)
  to   space 16896K, 0% used [0x0000000774a80000,0x0000000774a80000,0x0000000775b00000)
 ParOldGen       total 159744K, used 20759K [0x00000006c0e00000, 0x00000006caa00000, 0x000000076af80000)
  object space 159744K, 12% used [0x00000006c0e00000,0x00000006c2245f98,0x00000006caa00000)
 Metaspace       used 45140K, capacity 46172K, committed 46336K, reserved 1089536K
  class space    used 6020K, capacity 6316K, committed 6400K, reserved 1048576K
Event: 6.546 GC heap after
Heap after GC invocations=9 (full 2):
 PSYoungGen      total 175616K, used 12674K [0x000000076af80000, 0x000000077b280000, 0x00000007c0000000)
  eden space 158720K, 0% used [0x000000076af80000,0x000000076af80000,0x0000000774a80000)
  from space 16896K, 75% used [0x0000000774a80000,0x00000007756e0ab8,0x0000000775b00000)
  to   space 17408K, 0% used [0x000000077a180000,0x000000077a180000,0x000000077b280000)
 ParOldGen       total 159744K, used 20839K [0x00000006c0e00000, 0x00000006caa00000, 0x000000076af80000)
  object space 159744K, 13% used [0x00000006c0e00000,0x00000006c2259fc0,0x00000006caa00000)
 Metaspace       used 45140K, capacity 46172K, committed 46336K, reserved 1089536K
  class space    used 6020K, capacity 6316K, committed 6400K, reserved 1048576K
}
Event: 8.576 GC heap before
{Heap before GC invocations=10 (full 2):
 PSYoungGen      total 175616K, used 171394K [0x000000076af80000, 0x000000077b280000, 0x00000007c0000000)
  eden space 158720K, 100% used [0x000000076af80000,0x0000000774a80000,0x0000000774a80000)
  from space 16896K, 75% used [0x0000000774a80000,0x00000007756e0ab8,0x0000000775b00000)
  to   space 17408K, 0% used [0x000000077a180000,0x000000077a180000,0x000000077b280000)
 ParOldGen       total 159744K, used 20839K [0x00000006c0e00000, 0x00000006caa00000, 0x000000076af80000)
  object space 159744K, 13% used [0x00000006c0e00000,0x00000006c2259fc0,0x00000006caa00000)
 Metaspace       used 49151K, capacity 50542K, committed 50688K, reserved 1093632K
  class space    used 6540K, capacity 6871K, committed 6912K, reserved 1048576K
Event: 8.589 GC heap after
Heap after GC invocations=10 (full 2):
 PSYoungGen      total 241152K, used 17378K [0x000000076af80000, 0x000000077b280000, 0x00000007c0000000)
  eden space 223744K, 0% used [0x000000076af80000,0x000000076af80000,0x0000000778a00000)
  from space 17408K, 99% used [0x000000077a180000,0x000000077b278af8,0x000000077b280000)
  to   space 19968K, 0% used [0x0000000778b80000,0x0000000778b80000,0x0000000779f00000)
 ParOldGen       total 159744K, used 22613K [0x00000006c0e00000, 0x00000006caa00000, 0x000000076af80000)
  object space 159744K, 14% used [0x00000006c0e00000,0x00000006c24155b8,0x00000006caa00000)
 Metaspace       used 49151K, capacity 50542K, committed 50688K, reserved 1093632K
  class space    used 6540K, capacity 6871K, committed 6912K, reserved 1048576K
}

